<?xml version="1.0" encoding="UTF-8"?>
<!-- Generated by org.testng.reporters.JUnitXMLReporter -->
<testsuite ignored="2" hostname="Satishs-MacBook-Pro.local" failures="2" tests="3" name="Test" time="110.818" errors="0" timestamp="31 Jul. 2021 16:06:10 GMT">
  <testcase classname="Toolsqa.mercurytours.TestMercuryTourExample" name="findFlights" time="100.995"/>
  <testcase classname="Toolsqa.mercurytours.TestMercuryTourExample" name="verifyUserRegistration_POM_WithoutPageFactory" time="1.325">
    <failure type="org.openqa.selenium.NoSuchElementException" message="Cannot locate element with text: Canada
For documentation on this error, please visit: https://www.seleniumhq.org/exceptions/no_such_element.html
Build info: version: &amp;apos;3.141.59&amp;apos;, revision: &amp;apos;e82be7d358&amp;apos;, time: &amp;apos;2018-11-14T08:17:03&amp;apos;
System info: host: &amp;apos;Satishs-MacBook-Pro.local&amp;apos;, ip: &amp;apos;fe80:0:0:0:1824:e4b2:9165:fc89%en0&amp;apos;, os.name: &amp;apos;Mac OS X&amp;apos;, os.arch: &amp;apos;x86_64&amp;apos;, os.version: &amp;apos;11.4&amp;apos;, java.version: &amp;apos;16.0.2&amp;apos;
Driver info: driver.version: unknown">
      <![CDATA[org.openqa.selenium.NoSuchElementException: Cannot locate element with text: Canada
For documentation on this error, please visit: https://www.seleniumhq.org/exceptions/no_such_element.html
Build info: version: '3.141.59', revision: 'e82be7d358', time: '2018-11-14T08:17:03'
System info: host: 'Satishs-MacBook-Pro.local', ip: 'fe80:0:0:0:1824:e4b2:9165:fc89%en0', os.name: 'Mac OS X', os.arch: 'x86_64', os.version: '11.4', java.version: '16.0.2'
Driver info: driver.version: unknown
at org.openqa.selenium.support.ui.Select.selectByVisibleText(Select.java:147)
at Toolsqa.mercurytours.MercuryTourExample.selectcountry(MercuryTourExample.java:133)
at Toolsqa.mercurytours.TestMercuryTourExample.verifyUserRegistration_POM_WithoutPageFactory(TestMercuryTourExample.java:200)
... Removed 25 stack frames]]>
    </failure>
  </testcase> <!-- verifyUserRegistration_POM_WithoutPageFactory -->
  <testcase classname="Toolsqa.mercurytours.TestMercuryTourExample" name="findFlights_POM_WithoutPageFactory" time="0.405">
    <failure type="org.openqa.selenium.NoSuchWindowException" message="no such window: target window already closed
from unknown error: web view not found
  (Session info: chrome=92.0.4515.107)
Build info: version: &amp;apos;3.141.59&amp;apos;, revision: &amp;apos;e82be7d358&amp;apos;, time: &amp;apos;2018-11-14T08:17:03&amp;apos;
System info: host: &amp;apos;Satishs-MacBook-Pro.local&amp;apos;, ip: &amp;apos;fe80:0:0:0:1824:e4b2:9165:fc89%en0&amp;apos;, os.name: &amp;apos;Mac OS X&amp;apos;, os.arch: &amp;apos;x86_64&amp;apos;, os.version: &amp;apos;11.4&amp;apos;, java.version: &amp;apos;16.0.2&amp;apos;
Driver info: org.openqa.selenium.chrome.ChromeDriver
Capabilities {acceptInsecureCerts: false, browserName: chrome, browserVersion: 92.0.4515.107, chrome: {chromedriverVersion: 92.0.4515.43 (8c61b7e2989f2..., userDataDir: /var/folders/h_/3sdfm95x2d7...}, goog:chromeOptions: {debuggerAddress: localhost:58458}, javascriptEnabled: true, networkConnectionEnabled: false, pageLoadStrategy: normal, platform: MAC, platformName: MAC, proxy: Proxy(), setWindowRect: true, strictFileInteractability: false, timeouts: {implicit: 0, pageLoad: 300000, script: 30000}, unhandledPromptBehavior: dismiss and notify, webauthn:extension:credBlob: true, webauthn:extension:largeBlob: true, webauthn:virtualAuthenticators: true}
Session ID: 2eb0415388e4ca4d807fda72f4dbab46
*** Element info: {Using=xpath, value=.//option[contains(., &amp;quot;York&amp;quot;)]}">
      <![CDATA[org.openqa.selenium.NoSuchWindowException: no such window: target window already closed
from unknown error: web view not found
  (Session info: chrome=92.0.4515.107)
Build info: version: '3.141.59', revision: 'e82be7d358', time: '2018-11-14T08:17:03'
System info: host: 'Satishs-MacBook-Pro.local', ip: 'fe80:0:0:0:1824:e4b2:9165:fc89%en0', os.name: 'Mac OS X', os.arch: 'x86_64', os.version: '11.4', java.version: '16.0.2'
Driver info: org.openqa.selenium.chrome.ChromeDriver
Capabilities {acceptInsecureCerts: false, browserName: chrome, browserVersion: 92.0.4515.107, chrome: {chromedriverVersion: 92.0.4515.43 (8c61b7e2989f2..., userDataDir: /var/folders/h_/3sdfm95x2d7...}, goog:chromeOptions: {debuggerAddress: localhost:58458}, javascriptEnabled: true, networkConnectionEnabled: false, pageLoadStrategy: normal, platform: MAC, platformName: MAC, proxy: Proxy(), setWindowRect: true, strictFileInteractability: false, timeouts: {implicit: 0, pageLoad: 300000, script: 30000}, unhandledPromptBehavior: dismiss and notify, webauthn:extension:credBlob: true, webauthn:extension:largeBlob: true, webauthn:virtualAuthenticators: true}
Session ID: 2eb0415388e4ca4d807fda72f4dbab46
*** Element info: {Using=xpath, value=.//option[contains(., "York")]}
at org.openqa.selenium.remote.http.W3CHttpResponseCodec.createException(W3CHttpResponseCodec.java:187)
at org.openqa.selenium.remote.http.W3CHttpResponseCodec.decode(W3CHttpResponseCodec.java:122)
at org.openqa.selenium.remote.http.W3CHttpResponseCodec.decode(W3CHttpResponseCodec.java:49)
at org.openqa.selenium.remote.HttpCommandExecutor.execute(HttpCommandExecutor.java:158)
at org.openqa.selenium.remote.service.DriverCommandExecutor.execute(DriverCommandExecutor.java:83)
at org.openqa.selenium.remote.RemoteWebDriver.execute(RemoteWebDriver.java:552)
at org.openqa.selenium.remote.RemoteWebElement.execute(RemoteWebElement.java:285)
at org.openqa.selenium.remote.RemoteWebElement.findElements(RemoteWebElement.java:204)
at org.openqa.selenium.remote.RemoteWebElement.findElementsByXPath(RemoteWebElement.java:265)
at org.openqa.selenium.By$ByXPath.findElements(By.java:348)
at org.openqa.selenium.remote.RemoteWebElement.findElements(RemoteWebElement.java:177)
at org.openqa.selenium.support.ui.Select.selectByVisibleText(Select.java:132)
at Toolsqa.mercurytours.findflights.selectDepartFrom(findflights.java:70)
at Toolsqa.mercurytours.TestMercuryTourExample.findFlights_POM_WithoutPageFactory(TestMercuryTourExample.java:217)
... Removed 30 stack frames]]>
    </failure>
  </testcase> <!-- findFlights_POM_WithoutPageFactory -->
  <testcase classname="Toolsqa.mercurytours.TestMercuryTourExample" name="login" time="0.0">
    <ignored/>
  </testcase> <!-- login -->
  <testcase classname="Toolsqa.mercurytours.TestMercuryTourExample" name="verifyUserRegistration" time="0.0">
    <ignored/>
  </testcase> <!-- verifyUserRegistration -->
</testsuite> <!-- Test -->
